접속한 클라이언트 IP : 127.0.0.1
접근한 URL 경로 : /
요청 처리 시작 시각 : 2022/02/24 22:44:35
요청 처리 종료 시각 : 2022/02/24 22:44:37
요청 처리 소요 시간 : 2157ms 
접속한 클라이언트 IP : 127.0.0.1
접근한 URL 경로 : /
요청 처리 시작 시각 : 2022/02/24 22:44:37
요청 처리 종료 시각 : 2022/02/24 22:44:37
요청 처리 소요 시간 : 2ms 
접속한 클라이언트 IP : 0:0:0:0:0:0:0:1
접근한 URL 경로 : /
요청 처리 시작 시각 : 2022/02/24 22:44:38
요청 처리 종료 시각 : 2022/02/24 22:44:38
요청 처리 소요 시간 : 1ms 
접속한 클라이언트 IP : 0:0:0:0:0:0:0:1
접근한 URL 경로 : /favicon.ico
요청 처리 시작 시각 : 2022/02/24 22:44:38
요청 처리 종료 시각 : 2022/02/24 22:44:38
요청 처리 소요 시간 : 6ms 
접속한 클라이언트 IP : 127.0.0.1
접근한 URL 경로 : /
요청 처리 시작 시각 : 2022/02/24 22:48:34
요청 처리 종료 시각 : 2022/02/24 22:48:36
요청 처리 소요 시간 : 1189ms 
접속한 클라이언트 IP : 127.0.0.1
접근한 URL 경로 : /
요청 처리 시작 시각 : 2022/02/24 22:48:36
요청 처리 종료 시각 : 2022/02/24 22:48:36
요청 처리 소요 시간 : 0ms 
접속한 클라이언트 IP : 0:0:0:0:0:0:0:1
접근한 URL 경로 : /
요청 처리 시작 시각 : 2022/02/24 22:48:37
요청 처리 종료 시각 : 2022/02/24 22:48:37
요청 처리 소요 시간 : 0ms 
접속한 클라이언트 IP : 0:0:0:0:0:0:0:1
접근한 URL 경로 : /favicon.ico
요청 처리 시작 시각 : 2022/02/24 22:48:38
요청 처리 종료 시각 : 2022/02/24 22:48:38
요청 처리 소요 시간 : 1ms 
접속한 클라이언트 IP : 0:0:0:0:0:0:0:1
접근한 URL 경로 : /JSP20220216/cart.jsp
요청 처리 시작 시각 : 2022/02/24 22:48:47
요청 처리 종료 시각 : 2022/02/24 22:48:49
요청 처리 소요 시간 : 1710ms 
접속한 클라이언트 IP : 0:0:0:0:0:0:0:1
접근한 URL 경로 : /resources/css/CSS20220216/bootstrap.min.css
요청 처리 시작 시각 : 2022/02/24 22:48:50
요청 처리 종료 시각 : 2022/02/24 22:48:50
요청 처리 소요 시간 : 7ms 
접속한 클라이언트 IP : 0:0:0:0:0:0:0:1
접근한 URL 경로 : /favicon.ico
요청 처리 시작 시각 : 2022/02/24 22:48:50
요청 처리 종료 시각 : 2022/02/24 22:48:50
요청 처리 소요 시간 : 4ms 
접속한 클라이언트 IP : 0:0:0:0:0:0:0:1
접근한 URL 경로 : /JSP20220216/deleteCart.jsp?cartId=1742F7A21B210DE9F18B8BD86BD92C56
요청 처리 시작 시각 : 2022/02/24 22:48:51
요청 처리 종료 시각 : 2022/02/24 22:48:51
요청 처리 소요 시간 : 176ms 
접속한 클라이언트 IP : 0:0:0:0:0:0:0:1
접근한 URL 경로 : /JSP20220216/cart.jsp
요청 처리 시작 시각 : 2022/02/24 22:48:51
요청 처리 종료 시각 : 2022/02/24 22:48:51
요청 처리 소요 시간 : 2ms 
접속한 클라이언트 IP : 0:0:0:0:0:0:0:1
접근한 URL 경로 : /JSP20220216/deleteCart.jsp?cartId=9AFF549ADED98BBB81C2E15CBE01B715
요청 처리 시작 시각 : 2022/02/24 22:48:53
요청 처리 종료 시각 : 2022/02/24 22:48:53
요청 처리 소요 시간 : 1ms 
접속한 클라이언트 IP : 0:0:0:0:0:0:0:1
접근한 URL 경로 : /JSP20220216/cart.jsp
요청 처리 시작 시각 : 2022/02/24 22:48:53
요청 처리 종료 시각 : 2022/02/24 22:48:53
요청 처리 소요 시간 : 2ms 
접속한 클라이언트 IP : 0:0:0:0:0:0:0:1
접근한 URL 경로 : /JSP20220216/.shippingInfo.jsp?cartId=ED8B54D9C8CBFA3A48C33CE9F59768ED
요청 처리 시작 시각 : 2022/02/24 22:48:53
요청 처리 종료 시각 : 2022/02/24 22:48:53
요청 처리 소요 시간 : 1ms 
접속한 클라이언트 IP : 0:0:0:0:0:0:0:1
접근한 URL 경로 : /JSP20220216/.shippingInfo.jsp?cartId=ED8B54D9C8CBFA3A48C33CE9F59768ED
요청 처리 시작 시각 : 2022/02/24 22:48:55
요청 처리 종료 시각 : 2022/02/24 22:48:55
요청 처리 소요 시간 : 1ms 
접속한 클라이언트 IP : 0:0:0:0:0:0:0:1
접근한 URL 경로 : /JSP20220216/.shippingInfo.jsp?cartId=ED8B54D9C8CBFA3A48C33CE9F59768ED
요청 처리 시작 시각 : 2022/02/24 22:48:56
요청 처리 종료 시각 : 2022/02/24 22:48:56
요청 처리 소요 시간 : 0ms 
접속한 클라이언트 IP : 0:0:0:0:0:0:0:1
접근한 URL 경로 : /JSP20220216/.shippingInfo.jsp?cartId=ED8B54D9C8CBFA3A48C33CE9F59768ED
요청 처리 시작 시각 : 2022/02/24 22:48:59
요청 처리 종료 시각 : 2022/02/24 22:48:59
요청 처리 소요 시간 : 0ms 
접속한 클라이언트 IP : 0:0:0:0:0:0:0:1
접근한 URL 경로 : /JSP20220216/product.jsp
요청 처리 시작 시각 : 2022/02/24 22:49:13
요청 처리 종료 시각 : 2022/02/24 22:49:14
요청 처리 소요 시간 : 456ms 
접속한 클라이언트 IP : 0:0:0:0:0:0:0:1
접근한 URL 경로 : /JSP20220216/product.jsp
요청 처리 시작 시각 : 2022/02/24 22:49:16
요청 처리 종료 시각 : 2022/02/24 22:49:16
요청 처리 소요 시간 : 2ms 
접속한 클라이언트 IP : 0:0:0:0:0:0:0:1
접근한 URL 경로 : /JSP20220216/product.jsp
요청 처리 시작 시각 : 2022/02/24 22:49:17
요청 처리 종료 시각 : 2022/02/24 22:49:17
요청 처리 소요 시간 : 2ms 
접속한 클라이언트 IP : 0:0:0:0:0:0:0:1
접근한 URL 경로 : /JSP20220216/product.jsp
요청 처리 시작 시각 : 2022/02/24 22:49:18
요청 처리 종료 시각 : 2022/02/24 22:49:18
요청 처리 소요 시간 : 1ms 
접속한 클라이언트 IP : 0:0:0:0:0:0:0:1
접근한 URL 경로 : /JSP20220216/welcome.jsp
요청 처리 시작 시각 : 2022/02/24 22:49:25
요청 처리 종료 시각 : 2022/02/24 22:49:26
요청 처리 소요 시간 : 257ms 
접속한 클라이언트 IP : 0:0:0:0:0:0:0:1
접근한 URL 경로 : /JSP20220216/product.jsp
요청 처리 시작 시각 : 2022/02/24 22:49:28
요청 처리 종료 시각 : 2022/02/24 22:49:28
요청 처리 소요 시간 : 7ms 
접속한 클라이언트 IP : 0:0:0:0:0:0:0:1
접근한 URL 경로 : /JSP20220216/product.jsp
요청 처리 시작 시각 : 2022/02/24 22:50:49
요청 처리 종료 시각 : 2022/02/24 22:50:49
요청 처리 소요 시간 : 9ms 
접속한 클라이언트 IP : 0:0:0:0:0:0:0:1
접근한 URL 경로 : /JSP20220216/product.jsp
요청 처리 시작 시각 : 2022/02/24 22:51:16
요청 처리 종료 시각 : 2022/02/24 22:51:16
요청 처리 소요 시간 : 39ms 
접속한 클라이언트 IP : 0:0:0:0:0:0:0:1
접근한 URL 경로 : /favicon.ico
요청 처리 시작 시각 : 2022/02/24 22:51:17
요청 처리 종료 시각 : 2022/02/24 22:51:17
요청 처리 소요 시간 : 1ms 
접속한 클라이언트 IP : 0:0:0:0:0:0:0:1
접근한 URL 경로 : /JSP20220216/product.jsp
요청 처리 시작 시각 : 2022/02/24 22:51:46
요청 처리 종료 시각 : 2022/02/24 22:51:46
요청 처리 소요 시간 : 7ms 
접속한 클라이언트 IP : 0:0:0:0:0:0:0:1
접근한 URL 경로 : /resources/css/CSS20220216/bootstrap.min.css
요청 처리 시작 시각 : 2022/02/24 22:51:46
요청 처리 종료 시각 : 2022/02/24 22:51:46
요청 처리 소요 시간 : 3ms 
접속한 클라이언트 IP : 0:0:0:0:0:0:0:1
접근한 URL 경로 : /JSP20220216/product.jsp
요청 처리 시작 시각 : 2022/02/24 22:51:47
요청 처리 종료 시각 : 2022/02/24 22:51:47
요청 처리 소요 시간 : 1ms 
접속한 클라이언트 IP : 0:0:0:0:0:0:0:1
접근한 URL 경로 : /JSP20220216/product.jsp
요청 처리 시작 시각 : 2022/02/24 22:51:51
요청 처리 종료 시각 : 2022/02/24 22:51:51
요청 처리 소요 시간 : 8ms 
접속한 클라이언트 IP : 0:0:0:0:0:0:0:1
접근한 URL 경로 : /favicon.ico
요청 처리 시작 시각 : 2022/02/24 22:51:52
요청 처리 종료 시각 : 2022/02/24 22:51:52
요청 처리 소요 시간 : 4ms 
접속한 클라이언트 IP : 0:0:0:0:0:0:0:1
접근한 URL 경로 : /JSP20220216/products.jsp
요청 처리 시작 시각 : 2022/02/24 22:52:10
요청 처리 종료 시각 : 2022/02/24 22:52:11
요청 처리 소요 시간 : 733ms 
접속한 클라이언트 IP : 0:0:0:0:0:0:0:1
접근한 URL 경로 : /resources/images/NAGATORO1.gif
요청 처리 시작 시각 : 2022/02/24 22:52:11
접속한 클라이언트 IP : 0:0:0:0:0:0:0:1
접근한 URL 경로 : /resources/images/NAGATORO2.gif
요청 처리 시작 시각 : 2022/02/24 22:52:11
접속한 클라이언트 IP : 0:0:0:0:0:0:0:1
접근한 URL 경로 : /resources/images/NAGATORO3.gif
요청 처리 시작 시각 : 2022/02/24 22:52:11
요청 처리 종료 시각 : 2022/02/24 22:52:11
요청 처리 소요 시간 : 73ms 
요청 처리 종료 시각 : 2022/02/24 22:52:11
요청 처리 소요 시간 : 75ms 
요청 처리 종료 시각 : 2022/02/24 22:52:11
요청 처리 소요 시간 : 68ms 
접속한 클라이언트 IP : 0:0:0:0:0:0:0:1
접근한 URL 경로 : /favicon.ico
요청 처리 시작 시각 : 2022/02/24 22:52:11
요청 처리 종료 시각 : 2022/02/24 22:52:11
요청 처리 소요 시간 : 2ms 
접속한 클라이언트 IP : 0:0:0:0:0:0:0:1
접근한 URL 경로 : /JSP20220216/product.jsp?id=P1234
요청 처리 시작 시각 : 2022/02/24 22:52:13
요청 처리 종료 시각 : 2022/02/24 22:52:13
요청 처리 소요 시간 : 4ms 
접속한 클라이언트 IP : 0:0:0:0:0:0:0:1
접근한 URL 경로 : /JSP20220216/cart.jsp
요청 처리 시작 시각 : 2022/02/24 22:52:15
요청 처리 종료 시각 : 2022/02/24 22:52:15
요청 처리 소요 시간 : 4ms 
접속한 클라이언트 IP : 0:0:0:0:0:0:0:1
접근한 URL 경로 : /JSP20220216/cart.jsp
요청 처리 시작 시각 : 2022/02/24 22:52:18
요청 처리 종료 시각 : 2022/02/24 22:52:18
요청 처리 소요 시간 : 10ms 
접속한 클라이언트 IP : 0:0:0:0:0:0:0:1
접근한 URL 경로 : /JSP20220216/product.jsp
요청 처리 시작 시각 : 2022/02/24 22:52:18
요청 처리 종료 시각 : 2022/02/24 22:52:18
요청 처리 소요 시간 : 5ms 
접속한 클라이언트 IP : 0:0:0:0:0:0:0:1
접근한 URL 경로 : /JSP20220216/products.jsp
요청 처리 시작 시각 : 2022/02/24 22:52:22
요청 처리 종료 시각 : 2022/02/24 22:52:22
요청 처리 소요 시간 : 4ms 
접속한 클라이언트 IP : 0:0:0:0:0:0:0:1
접근한 URL 경로 : /JSP20220216/product.jsp?id=P1235
요청 처리 시작 시각 : 2022/02/24 22:52:23
요청 처리 종료 시각 : 2022/02/24 22:52:23
요청 처리 소요 시간 : 3ms 
접속한 클라이언트 IP : 0:0:0:0:0:0:0:1
접근한 URL 경로 : /JSP20220216/addCart.jsp?id=P1235
요청 처리 시작 시각 : 2022/02/24 22:52:25
요청 처리 종료 시각 : 2022/02/24 22:52:26
요청 처리 소요 시간 : 260ms 
접속한 클라이언트 IP : 0:0:0:0:0:0:0:1
접근한 URL 경로 : /JSP20220216/product.jsp?id=P1235
요청 처리 시작 시각 : 2022/02/24 22:52:26
요청 처리 종료 시각 : 2022/02/24 22:52:26
요청 처리 소요 시간 : 0ms 
접속한 클라이언트 IP : 0:0:0:0:0:0:0:1
접근한 URL 경로 : /JSP20220216/cart.jsp
요청 처리 시작 시각 : 2022/02/24 22:52:27
요청 처리 종료 시각 : 2022/02/24 22:52:27
요청 처리 소요 시간 : 3ms 
접속한 클라이언트 IP : 0:0:0:0:0:0:0:1
접근한 URL 경로 : /JSP20220216/.shippingInfo.jsp?cartId=82E7D9E1D1C9A1C4A26DD70A75C9C700
요청 처리 시작 시각 : 2022/02/24 22:52:28
요청 처리 종료 시각 : 2022/02/24 22:52:28
요청 처리 소요 시간 : 3ms 
접속한 클라이언트 IP : 0:0:0:0:0:0:0:1
접근한 URL 경로 : /JSP20220216/.shippingInfo.jsp?cartId=82E7D9E1D1C9A1C4A26DD70A75C9C700
요청 처리 시작 시각 : 2022/02/24 22:52:30
요청 처리 종료 시각 : 2022/02/24 22:52:30
요청 처리 소요 시간 : 0ms 
접속한 클라이언트 IP : 0:0:0:0:0:0:0:1
접근한 URL 경로 : /JSP20220216/removeCart.jsp?id=P1235
요청 처리 시작 시각 : 2022/02/24 22:52:34
요청 처리 종료 시각 : 2022/02/24 22:52:34
요청 처리 소요 시간 : 168ms 
접속한 클라이언트 IP : 0:0:0:0:0:0:0:1
접근한 URL 경로 : /JSP20220216/cart.jsp
요청 처리 시작 시각 : 2022/02/24 22:52:35
요청 처리 종료 시각 : 2022/02/24 22:52:35
요청 처리 소요 시간 : 5ms 
접속한 클라이언트 IP : 0:0:0:0:0:0:0:1
접근한 URL 경로 : /JSP20220216/product.jsp
요청 처리 시작 시각 : 2022/02/24 22:52:37
요청 처리 종료 시각 : 2022/02/24 22:52:37
요청 처리 소요 시간 : 4ms 
접속한 클라이언트 IP : 0:0:0:0:0:0:0:1
접근한 URL 경로 : /JSP20220216/products.jsp
요청 처리 시작 시각 : 2022/02/24 22:52:45
요청 처리 종료 시각 : 2022/02/24 22:52:45
요청 처리 소요 시간 : 4ms 
접속한 클라이언트 IP : 0:0:0:0:0:0:0:1
접근한 URL 경로 : /JSP20220216/product.jsp?id=P1234
요청 처리 시작 시각 : 2022/02/24 22:52:47
요청 처리 종료 시각 : 2022/02/24 22:52:47
요청 처리 소요 시간 : 3ms 
접속한 클라이언트 IP : 0:0:0:0:0:0:0:1
접근한 URL 경로 : /JSP20220216/addCart.jsp?id=P1234
요청 처리 시작 시각 : 2022/02/24 22:52:49
요청 처리 종료 시각 : 2022/02/24 22:52:49
요청 처리 소요 시간 : 6ms 
접속한 클라이언트 IP : 0:0:0:0:0:0:0:1
접근한 URL 경로 : /JSP20220216/product.jsp?id=P1234
요청 처리 시작 시각 : 2022/02/24 22:52:49
요청 처리 종료 시각 : 2022/02/24 22:52:49
요청 처리 소요 시간 : 1ms 
접속한 클라이언트 IP : 0:0:0:0:0:0:0:1
접근한 URL 경로 : /JSP20220216/cart.jsp
요청 처리 시작 시각 : 2022/02/24 22:52:50
요청 처리 종료 시각 : 2022/02/24 22:52:50
요청 처리 소요 시간 : 2ms 
접속한 클라이언트 IP : 0:0:0:0:0:0:0:1
접근한 URL 경로 : /JSP20220216/deleteCart.jsp?cartId=82E7D9E1D1C9A1C4A26DD70A75C9C700
요청 처리 시작 시각 : 2022/02/24 22:52:52
요청 처리 종료 시각 : 2022/02/24 22:52:52
요청 처리 소요 시간 : 2ms 
접속한 클라이언트 IP : 0:0:0:0:0:0:0:1
접근한 URL 경로 : /JSP20220216/cart.jsp
요청 처리 시작 시각 : 2022/02/24 22:52:52
요청 처리 종료 시각 : 2022/02/24 22:52:52
요청 처리 소요 시간 : 2ms 
접속한 클라이언트 IP : 0:0:0:0:0:0:0:1
접근한 URL 경로 : /JSP20220216/product.jsp
요청 처리 시작 시각 : 2022/02/24 22:52:53
요청 처리 종료 시각 : 2022/02/24 22:52:53
요청 처리 소요 시간 : 3ms 
접속한 클라이언트 IP : 0:0:0:0:0:0:0:1
접근한 URL 경로 : /JSP20220216/product.jsp
요청 처리 시작 시각 : 2022/02/24 22:55:23
요청 처리 종료 시각 : 2022/02/24 22:55:23
요청 처리 소요 시간 : 7ms 
접속한 클라이언트 IP : 0:0:0:0:0:0:0:1
접근한 URL 경로 : /JSP20220216/products.jsp
요청 처리 시작 시각 : 2022/02/24 22:55:42
요청 처리 종료 시각 : 2022/02/24 22:55:42
요청 처리 소요 시간 : 5ms 
접속한 클라이언트 IP : 0:0:0:0:0:0:0:1
접근한 URL 경로 : /JSP20220216/product.jsp?id=P1235
요청 처리 시작 시각 : 2022/02/24 22:55:43
요청 처리 종료 시각 : 2022/02/24 22:55:43
요청 처리 소요 시간 : 5ms 
접속한 클라이언트 IP : 0:0:0:0:0:0:0:1
접근한 URL 경로 : /JSP20220216/cart.jsp
요청 처리 시작 시각 : 2022/02/24 22:55:46
요청 처리 종료 시각 : 2022/02/24 22:55:46
요청 처리 소요 시간 : 2ms 
접속한 클라이언트 IP : 0:0:0:0:0:0:0:1
접근한 URL 경로 : /JSP20220216/product.jsp
요청 처리 시작 시각 : 2022/02/24 22:55:49
요청 처리 종료 시각 : 2022/02/24 22:55:49
요청 처리 소요 시간 : 11ms 
접속한 클라이언트 IP : 0:0:0:0:0:0:0:1
접근한 URL 경로 : /JSP20220216/.shippingInfo.jsp?cartId=893CE2CD68B10E8A9B68F964ECAA6A11
요청 처리 시작 시각 : 2022/02/24 22:55:52
요청 처리 종료 시각 : 2022/02/24 22:55:52
요청 처리 소요 시간 : 0ms 
접속한 클라이언트 IP : 0:0:0:0:0:0:0:1
접근한 URL 경로 : /JSP20220216/processShinppingInfo.jsp
요청 처리 시작 시각 : 2022/02/24 22:56:17
접속한 클라이언트 IP : 0:0:0:0:0:0:0:1
접근한 URL 경로 : /favicon.ico
요청 처리 시작 시각 : 2022/02/24 22:56:18
요청 처리 종료 시각 : 2022/02/24 22:56:18
요청 처리 소요 시간 : 1ms 
접속한 클라이언트 IP : 0:0:0:0:0:0:0:1
접근한 URL 경로 : /JSP20220216/products.jsp
요청 처리 시작 시각 : 2022/02/24 22:56:40
요청 처리 종료 시각 : 2022/02/24 22:56:40
요청 처리 소요 시간 : 108ms 
접속한 클라이언트 IP : 0:0:0:0:0:0:0:1
접근한 URL 경로 : /favicon.ico
요청 처리 시작 시각 : 2022/02/24 22:56:41
요청 처리 종료 시각 : 2022/02/24 22:56:41
요청 처리 소요 시간 : 0ms 
접속한 클라이언트 IP : 0:0:0:0:0:0:0:1
접근한 URL 경로 : /JSP20220216/product.jsp?id=P1234
요청 처리 시작 시각 : 2022/02/24 22:56:42
요청 처리 종료 시각 : 2022/02/24 22:56:42
요청 처리 소요 시간 : 4ms 
접속한 클라이언트 IP : 0:0:0:0:0:0:0:1
접근한 URL 경로 : /JSP20220216/addCart.jsp?id=P1234
요청 처리 시작 시각 : 2022/02/24 22:56:44
요청 처리 종료 시각 : 2022/02/24 22:56:44
요청 처리 소요 시간 : 6ms 
접속한 클라이언트 IP : 0:0:0:0:0:0:0:1
접근한 URL 경로 : /JSP20220216/product.jsp?id=P1234
요청 처리 시작 시각 : 2022/02/24 22:56:44
요청 처리 종료 시각 : 2022/02/24 22:56:44
요청 처리 소요 시간 : 1ms 
접속한 클라이언트 IP : 0:0:0:0:0:0:0:1
접근한 URL 경로 : /JSP20220216/cart.jsp
요청 처리 시작 시각 : 2022/02/24 22:56:47
요청 처리 종료 시각 : 2022/02/24 22:56:47
요청 처리 소요 시간 : 8ms 
접속한 클라이언트 IP : 0:0:0:0:0:0:0:1
접근한 URL 경로 : /JSP20220216/.shippingInfo.jsp?cartId=F6A8BBE5B3B37EB86F63BBA4E925FE17
요청 처리 시작 시각 : 2022/02/24 22:56:48
요청 처리 종료 시각 : 2022/02/24 22:56:48
요청 처리 소요 시간 : 0ms 
접속한 클라이언트 IP : 127.0.0.1
접근한 URL 경로 : /
요청 처리 시작 시각 : 2022/02/24 23:02:33
요청 처리 종료 시각 : 2022/02/24 23:02:34
요청 처리 소요 시간 : 1109ms 
접속한 클라이언트 IP : 127.0.0.1
접근한 URL 경로 : /
요청 처리 시작 시각 : 2022/02/24 23:02:34
요청 처리 종료 시각 : 2022/02/24 23:02:34
요청 처리 소요 시간 : 0ms 
접속한 클라이언트 IP : 0:0:0:0:0:0:0:1
접근한 URL 경로 : /
요청 처리 시작 시각 : 2022/02/24 23:02:34
요청 처리 종료 시각 : 2022/02/24 23:02:34
요청 처리 소요 시간 : 0ms 
접속한 클라이언트 IP : 0:0:0:0:0:0:0:1
접근한 URL 경로 : /JSP20220216/products.jsp
요청 처리 시작 시각 : 2022/02/24 23:03:04
요청 처리 종료 시각 : 2022/02/24 23:03:04
요청 처리 소요 시간 : 657ms 
접속한 클라이언트 IP : 0:0:0:0:0:0:0:1
접근한 URL 경로 : /JSP20220216/product.jsp?id=P1234
요청 처리 시작 시각 : 2022/02/24 23:03:07
요청 처리 종료 시각 : 2022/02/24 23:03:07
요청 처리 소요 시간 : 806ms 
접속한 클라이언트 IP : 0:0:0:0:0:0:0:1
접근한 URL 경로 : /JSP20220216/addCart.jsp?id=P1234
요청 처리 시작 시각 : 2022/02/24 23:03:10
요청 처리 종료 시각 : 2022/02/24 23:03:10
요청 처리 소요 시간 : 291ms 
접속한 클라이언트 IP : 0:0:0:0:0:0:0:1
접근한 URL 경로 : /JSP20220216/product.jsp?id=P1234
요청 처리 시작 시각 : 2022/02/24 23:03:10
요청 처리 종료 시각 : 2022/02/24 23:03:10
요청 처리 소요 시간 : 3ms 
접속한 클라이언트 IP : 0:0:0:0:0:0:0:1
접근한 URL 경로 : /JSP20220216/cart.jsp
요청 처리 시작 시각 : 2022/02/24 23:03:11
요청 처리 종료 시각 : 2022/02/24 23:03:11
요청 처리 소요 시간 : 261ms 
접속한 클라이언트 IP : 0:0:0:0:0:0:0:1
접근한 URL 경로 : /JSP20220216/.shippingInfo.jsp?cartId=63C11C1FEA9519D7295DAFFC5B5E9D99
요청 처리 시작 시각 : 2022/02/24 23:03:12
요청 처리 종료 시각 : 2022/02/24 23:03:12
요청 처리 소요 시간 : 0ms 
접속한 클라이언트 IP : 0:0:0:0:0:0:0:1
접근한 URL 경로 : /JSP20220216/.shippingInfo.jsp?cartId=63C11C1FEA9519D7295DAFFC5B5E9D99
요청 처리 시작 시각 : 2022/02/24 23:03:17
요청 처리 종료 시각 : 2022/02/24 23:03:17
요청 처리 소요 시간 : 0ms 
접속한 클라이언트 IP : 0:0:0:0:0:0:0:1
접근한 URL 경로 : /JSP20220216/.shippingInfo.jsp?cartId=63C11C1FEA9519D7295DAFFC5B5E9D99
요청 처리 시작 시각 : 2022/02/24 23:03:17
요청 처리 종료 시각 : 2022/02/24 23:03:17
요청 처리 소요 시간 : 0ms 
접속한 클라이언트 IP : 127.0.0.1
접근한 URL 경로 : /
요청 처리 시작 시각 : 2022/02/24 23:06:51
요청 처리 종료 시각 : 2022/02/24 23:06:52
요청 처리 소요 시간 : 1458ms 
접속한 클라이언트 IP : 127.0.0.1
접근한 URL 경로 : /
요청 처리 시작 시각 : 2022/02/24 23:06:52
요청 처리 종료 시각 : 2022/02/24 23:06:52
요청 처리 소요 시간 : 0ms 
접속한 클라이언트 IP : 0:0:0:0:0:0:0:1
접근한 URL 경로 : /
요청 처리 시작 시각 : 2022/02/24 23:06:54
요청 처리 종료 시각 : 2022/02/24 23:06:54
요청 처리 소요 시간 : 1ms 
접속한 클라이언트 IP : 0:0:0:0:0:0:0:1
접근한 URL 경로 : /favicon.ico
요청 처리 시작 시각 : 2022/02/24 23:06:54
요청 처리 종료 시각 : 2022/02/24 23:06:54
요청 처리 소요 시간 : 2ms 
접속한 클라이언트 IP : 0:0:0:0:0:0:0:1
접근한 URL 경로 : /JSP20220216/products.jsp
요청 처리 시작 시각 : 2022/02/24 23:07:01
요청 처리 종료 시각 : 2022/02/24 23:07:02
요청 처리 소요 시간 : 1153ms 
접속한 클라이언트 IP : 0:0:0:0:0:0:0:1
접근한 URL 경로 : /favicon.ico
요청 처리 시작 시각 : 2022/02/24 23:07:04
요청 처리 종료 시각 : 2022/02/24 23:07:04
요청 처리 소요 시간 : 2ms 
접속한 클라이언트 IP : 0:0:0:0:0:0:0:1
접근한 URL 경로 : /JSP20220216/product.jsp?id=P1234
요청 처리 시작 시각 : 2022/02/24 23:07:04
요청 처리 종료 시각 : 2022/02/24 23:07:05
요청 처리 소요 시간 : 739ms 
접속한 클라이언트 IP : 0:0:0:0:0:0:0:1
접근한 URL 경로 : /JSP20220216/addCart.jsp?id=P1234
요청 처리 시작 시각 : 2022/02/24 23:07:09
요청 처리 종료 시각 : 2022/02/24 23:07:09
요청 처리 소요 시간 : 287ms 
접속한 클라이언트 IP : 0:0:0:0:0:0:0:1
접근한 URL 경로 : /JSP20220216/product.jsp?id=P1234
요청 처리 시작 시각 : 2022/02/24 23:07:09
요청 처리 종료 시각 : 2022/02/24 23:07:09
요청 처리 소요 시간 : 6ms 
접속한 클라이언트 IP : 0:0:0:0:0:0:0:1
접근한 URL 경로 : /JSP20220216/cart.jsp
요청 처리 시작 시각 : 2022/02/24 23:07:11
요청 처리 종료 시각 : 2022/02/24 23:07:11
요청 처리 소요 시간 : 252ms 
접속한 클라이언트 IP : 0:0:0:0:0:0:0:1
접근한 URL 경로 : /JSP20220216/.shippingInfo.jsp?cartId=E4F81D42F13B217C7EDB338E33F97C21
요청 처리 시작 시각 : 2022/02/24 23:07:12
요청 처리 종료 시각 : 2022/02/24 23:07:12
요청 처리 소요 시간 : 1ms 
접속한 클라이언트 IP : 0:0:0:0:0:0:0:1
접근한 URL 경로 : /JSP20220216/.shippingInfo.jsp?cartId=E4F81D42F13B217C7EDB338E33F97C21
요청 처리 시작 시각 : 2022/02/24 23:07:14
요청 처리 종료 시각 : 2022/02/24 23:07:14
요청 처리 소요 시간 : 1ms 
접속한 클라이언트 IP : 0:0:0:0:0:0:0:1
접근한 URL 경로 : /JSP20220216/.shippingInfo.jsp?cartId=E4F81D42F13B217C7EDB338E33F97C21
요청 처리 시작 시각 : 2022/02/24 23:07:15
요청 처리 종료 시각 : 2022/02/24 23:07:15
요청 처리 소요 시간 : 0ms 
접속한 클라이언트 IP : 0:0:0:0:0:0:0:1
접근한 URL 경로 : /JSP20220216/.shippingInfo.jsp?cartId=E4F81D42F13B217C7EDB338E33F97C21
요청 처리 시작 시각 : 2022/02/24 23:07:15
요청 처리 종료 시각 : 2022/02/24 23:07:15
요청 처리 소요 시간 : 0ms 
접속한 클라이언트 IP : 0:0:0:0:0:0:0:1
접근한 URL 경로 : /JSP20220216/.shippingInfo.jsp?cartId=E4F81D42F13B217C7EDB338E33F97C21
요청 처리 시작 시각 : 2022/02/24 23:07:15
요청 처리 종료 시각 : 2022/02/24 23:07:15
요청 처리 소요 시간 : 0ms 
접속한 클라이언트 IP : 0:0:0:0:0:0:0:1
접근한 URL 경로 : /JSP20220216/.shippingInfo.jsp?cartId=E4F81D42F13B217C7EDB338E33F97C21
요청 처리 시작 시각 : 2022/02/24 23:07:15
요청 처리 종료 시각 : 2022/02/24 23:07:15
요청 처리 소요 시간 : 0ms 
접속한 클라이언트 IP : 0:0:0:0:0:0:0:1
접근한 URL 경로 : /JSP20220216/.shippingInfo.jsp?cartId=E4F81D42F13B217C7EDB338E33F97C21
요청 처리 시작 시각 : 2022/02/24 23:07:15
요청 처리 종료 시각 : 2022/02/24 23:07:15
요청 처리 소요 시간 : 0ms 
접속한 클라이언트 IP : 0:0:0:0:0:0:0:1
접근한 URL 경로 : /JSP20220216/.shippingInfo.jsp?cartId=E4F81D42F13B217C7EDB338E33F97C21
요청 처리 시작 시각 : 2022/02/24 23:07:16
요청 처리 종료 시각 : 2022/02/24 23:07:16
요청 처리 소요 시간 : 1ms 
접속한 클라이언트 IP : 0:0:0:0:0:0:0:1
접근한 URL 경로 : /JSP20220216/.shippingInfo.jsp?cartId=E4F81D42F13B217C7EDB338E33F97C21
요청 처리 시작 시각 : 2022/02/24 23:07:16
요청 처리 종료 시각 : 2022/02/24 23:07:16
요청 처리 소요 시간 : 0ms 
접속한 클라이언트 IP : 0:0:0:0:0:0:0:1
접근한 URL 경로 : /JSP20220216/.shippingInfo.jsp?cartId=E4F81D42F13B217C7EDB338E33F97C21
요청 처리 시작 시각 : 2022/02/24 23:07:16
요청 처리 종료 시각 : 2022/02/24 23:07:16
요청 처리 소요 시간 : 0ms 
접속한 클라이언트 IP : 0:0:0:0:0:0:0:1
접근한 URL 경로 : /JSP20220216/.shippingInfo.jsp?cartId=E4F81D42F13B217C7EDB338E33F97C21
요청 처리 시작 시각 : 2022/02/24 23:07:16
요청 처리 종료 시각 : 2022/02/24 23:07:16
요청 처리 소요 시간 : 0ms 
접속한 클라이언트 IP : 0:0:0:0:0:0:0:1
접근한 URL 경로 : /JSP20220216/.shippingInfo.jsp?cartId=E4F81D42F13B217C7EDB338E33F97C21
요청 처리 시작 시각 : 2022/02/24 23:07:16
요청 처리 종료 시각 : 2022/02/24 23:07:16
요청 처리 소요 시간 : 0ms 
접속한 클라이언트 IP : 0:0:0:0:0:0:0:1
접근한 URL 경로 : /JSP20220216/.shippingInfo.jsp?cartId=E4F81D42F13B217C7EDB338E33F97C21
요청 처리 시작 시각 : 2022/02/24 23:07:16
요청 처리 종료 시각 : 2022/02/24 23:07:16
요청 처리 소요 시간 : 0ms 
접속한 클라이언트 IP : 0:0:0:0:0:0:0:1
접근한 URL 경로 : /JSP20220216/.shippingInfo.jsp?cartId=E4F81D42F13B217C7EDB338E33F97C21
요청 처리 시작 시각 : 2022/02/24 23:07:17
요청 처리 종료 시각 : 2022/02/24 23:07:17
요청 처리 소요 시간 : 0ms 
접속한 클라이언트 IP : 0:0:0:0:0:0:0:1
접근한 URL 경로 : /JSP20220216/.shippingInfo.jsp?cartId=E4F81D42F13B217C7EDB338E33F97C21
요청 처리 시작 시각 : 2022/02/24 23:07:17
요청 처리 종료 시각 : 2022/02/24 23:07:17
요청 처리 소요 시간 : 1ms 
접속한 클라이언트 IP : 0:0:0:0:0:0:0:1
접근한 URL 경로 : /JSP20220216/product.jsp
요청 처리 시작 시각 : 2022/02/24 23:07:21
요청 처리 종료 시각 : 2022/02/24 23:07:21
요청 처리 소요 시간 : 177ms 
